readme.md
randomise.py.log
randomise.py.log
readme.md
readme.md
randomise.py.log
randomise.py.log
2017-11-12 21:37:00 readme.md
2017-11-12 21:37:00 readme.md
2017-11-12 21:37:55 randomise.py.log
2017-11-12 21:37:59 randomise.py.log
2017-11-12 21:38:00 randomise.py.log
2017-11-12 21:38:01 readme.md
2017-11-12 21:38:01 readme.md
2017-11-12 21:38:02 randomise.py.log
2017-11-12 21:38:02 randomise.py.log
2017-11-12 21:38:02 readme.md
2017-11-12 21:38:03 readme.md
2017-11-12 21:38:03 readme.md
2017-11-12 21:38:04 randomise.py.log
2017-11-12 21:38:05 readme.md
2017-11-12 21:38:08 readme.md
2017-11-12 21:40:32 readme.md2017-11-12 21:40:50 readme.md
2017-11-12 21:42:49 readme.md
2017-11-12 21:43:08 randomise.py.log
a2017-11-12 21:49:16 randomise.py.log
2017-11-12 21:50:14 randomise.py.log
asasd2017-11-12 21:50:19 randomise.py.log
2017-11-12 21:50:36 readme.md
2017-11-12 21:50:43 randomise.py.log
2017-11-12 21:52:51 readme.md
2017-11-12 21:53:00 randomise.py.log
